0 info it worked if it ends with ok
1 verbose cli [ '/usr/local/Cellar/node/5.9.0/bin/node',
1 verbose cli   '/usr/local/bin/npm',
1 verbose cli   'test',
1 verbose cli   '--',
1 verbose cli   '--bail' ]
2 info using npm@3.10.3
3 info using node@v6.4.0
4 verbose stack Error: ENOENT: no such file or directory, open '/Users/TJ/Development/JS/javascript-intro-to-flow-control-v-000/package.json'
4 verbose stack     at Error (native)
5 verbose cwd /Users/TJ/Development/JS/javascript-intro-to-flow-control-v-000
6 error Darwin 15.6.0
7 error argv "/usr/local/Cellar/node/5.9.0/bin/node" "/usr/local/bin/npm" "test" "--" "--bail"
8 error node v6.4.0
9 error npm  v3.10.3
10 error path /Users/TJ/Development/JS/javascript-intro-to-flow-control-v-000/package.json
11 error code ENOENT
12 error errno -2
13 error syscall open
14 error enoent ENOENT: no such file or directory, open '/Users/TJ/Development/JS/javascript-intro-to-flow-control-v-000/package.json'
15 error enoent ENOENT: no such file or directory, open '/Users/TJ/Development/JS/javascript-intro-to-flow-control-v-000/package.json'
15 error enoent This is most likely not a problem with npm itself
15 error enoent and is related to npm not being able to find a file.
16 verbose exit [ -2, true ]
